<?xml version='1.1' encoding='UTF-8'?>
<result plugin="junit@1.28">
  <suites>
    <suite>
      <file>/var/lib/jenkins/workspace/check-api.fdn.com/fdn.restassured.com/target/surefire-reports/TEST-TestSuite.xml</file>
      <name>TestSuite</name>
      <duration>162.638</duration>
      <time>162.638</time>
      <enclosingBlocks/>
      <enclosingBlockNames/>
      <cases>
        <case>
          <duration>2.23</duration>
          <className>test.TalkRoundup.get_beautyroundup</className>
          <testName>getbeautyroundup</testName>
          <skipped>false</skipped>
          <failedSince>0</failedSince>
        </case>
        <case>
          <duration>0.277</duration>
          <className>test.TcGet.get_blogarticle</className>
          <testName>getblogarticle</testName>
          <skipped>false</skipped>
          <failedSince>0</failedSince>
        </case>
        <case>
          <duration>0.146</duration>
          <className>test.TcGet.get_commentpost_web</className>
          <testName>getcommentpost_web</testName>
          <skipped>false</skipped>
          <failedSince>0</failedSince>
        </case>
        <case>
          <duration>0.703</duration>
          <className>test.TcGet.get_commentreview_web</className>
          <testName>getcommentpost_web</testName>
          <skipped>false</skipped>
          <failedSince>0</failedSince>
        </case>
        <case>
          <duration>0.758</duration>
          <className>test.TcGet.get_feed_apps</className>
          <testName>getfeed_web</testName>
          <skipped>false</skipped>
          <failedSince>0</failedSince>
        </case>
        <case>
          <duration>0.82</duration>
          <className>test.TcGet.get_feed_web</className>
          <testName>getfeed_web</testName>
          <skipped>false</skipped>
          <failedSince>0</failedSince>
        </case>
        <case>
          <duration>0.139</duration>
          <className>test.TcGet.get_feeddetail_web</className>
          <testName>getfeeddetail_web</testName>
          <skipped>false</skipped>
          <failedSince>0</failedSince>
        </case>
        <case>
          <duration>0.753</duration>
          <className>test.TcGet.get_feedreport</className>
          <testName>getfeed_web</testName>
          <skipped>false</skipped>
          <failedSince>0</failedSince>
        </case>
        <case>
          <duration>0.428</duration>
          <className>test.TcGet.get_follower_web</className>
          <testName>getfollower_web</testName>
          <skipped>false</skipped>
          <failedSince>0</failedSince>
        </case>
        <case>
          <duration>0.194</duration>
          <className>test.TcGet.get_following_web</className>
          <testName>getfollowing_web</testName>
          <skipped>false</skipped>
          <failedSince>0</failedSince>
        </case>
        <case>
          <duration>2.324</duration>
          <className>test.TcGet.get_newestreview</className>
          <testName>getnewestreview_web</testName>
          <skipped>false</skipped>
          <failedSince>0</failedSince>
        </case>
        <case>
          <duration>0.606</duration>
          <className>test.TcGet.get_notifcount</className>
          <testName>getnotifpage_web</testName>
          <skipped>false</skipped>
          <failedSince>0</failedSince>
        </case>
        <case>
          <duration>0.111</duration>
          <className>test.TcGet.get_notifpage</className>
          <testName>getnotifpage_web</testName>
          <skipped>false</skipped>
          <failedSince>0</failedSince>
        </case>
        <case>
          <duration>101.809</duration>
          <className>test.TcGet.get_postdetail</className>
          <testName>getnotifpage_web</testName>
          <skipped>false</skipped>
          <errorStackTrace>java.lang.AssertionError: 
1 expectation failed.
Expected status code &lt;200&gt; but was &lt;502&gt;.

	at test.TcGet.get_postdetail.getnotifpage_web(get_postdetail.java:36)
</errorStackTrace>
          <errorDetails>1 expectation failed.
Expected status code &lt;200&gt; but was &lt;502&gt;.
</errorDetails>
          <failedSince>766</failedSince>
        </case>
        <case>
          <duration>2.401</duration>
          <className>test.TcGet.get_productdetail_web</className>
          <testName>getproductdetail_web</testName>
          <skipped>false</skipped>
          <failedSince>0</failedSince>
        </case>
        <case>
          <duration>11.15</duration>
          <className>test.TcGet.get_productlist_web</className>
          <testName>getproductlist_web</testName>
          <skipped>false</skipped>
          <errorStackTrace>java.lang.AssertionError: 
1 expectation failed.
Expected status code &lt;200&gt; but was &lt;400&gt;.

	at test.TcGet.get_productlist_web.getproductlist_web(get_productlist_web.java:41)
</errorStackTrace>
          <errorDetails>1 expectation failed.
Expected status code &lt;200&gt; but was &lt;400&gt;.
</errorDetails>
          <stdout>Request method:	GET
Request URI:	https://api.femaledaily.com/app/v1/products?cat_slugs=cleanser
Proxy:			&lt;none&gt;
Request params:	&lt;none&gt;
Query params:	&lt;none&gt;
Form params:	&lt;none&gt;
Path params:	&lt;none&gt;
Headers:		version=1.5
				device=3
				key=client03-TSbs94s3q5H9PP2yNPBr
				Accept=*/*
Cookies:		&lt;none&gt;
Multiparts:		&lt;none&gt;
Body:			&lt;none&gt;
</stdout>
          <failedSince>766</failedSince>
        </case>
        <case>
          <duration>0.213</duration>
          <className>test.TcGet.get_productmatches_apps</className>
          <testName>getproductmatches_apps</testName>
          <skipped>false</skipped>
          <failedSince>0</failedSince>
        </case>
        <case>
          <duration>1.042</duration>
          <className>test.TcGet.get_products_web</className>
          <testName>getproducts_web</testName>
          <skipped>false</skipped>
          <errorStackTrace>java.lang.AssertionError: 
1 expectation failed.
Expected status code &lt;200&gt; but was &lt;400&gt;.

	at test.TcGet.get_products_web.getproducts_web(get_products_web.java:35)
</errorStackTrace>
          <errorDetails>1 expectation failed.
Expected status code &lt;200&gt; but was &lt;400&gt;.
</errorDetails>
          <stdout>Request method:	GET
Request URI:	https://api.femaledaily.com/app/v1/products?cat_slugs=liquid
Proxy:			&lt;none&gt;
Request params:	&lt;none&gt;
Query params:	&lt;none&gt;
Form params:	&lt;none&gt;
Path params:	&lt;none&gt;
Headers:		version=1.5
				device=3
				key=client03-TSbs94s3q5H9PP2yNPBr
				Accept=*/*
Cookies:		&lt;none&gt;
Multiparts:		&lt;none&gt;
Body:			&lt;none&gt;
</stdout>
          <failedSince>766</failedSince>
        </case>
        <case>
          <duration>1.069</duration>
          <className>test.TcGet.get_productsimilar</className>
          <testName>getproductsimilar_apps</testName>
          <skipped>false</skipped>
          <errorStackTrace>java.lang.AssertionError: 
1 expectation failed.
Expected status code &lt;200&gt; but was &lt;400&gt;.

	at test.TcGet.get_productsimilar.getproductsimilar_apps(get_productsimilar.java:37)
</errorStackTrace>
          <errorDetails>1 expectation failed.
Expected status code &lt;200&gt; but was &lt;400&gt;.
</errorDetails>
          <failedSince>766</failedSince>
        </case>
        <case>
          <duration>1.086</duration>
          <className>test.TcGet.get_productssimilar_web</className>
          <testName>getproductssimilar_web</testName>
          <skipped>false</skipped>
          <errorStackTrace>java.lang.AssertionError: 
1 expectation failed.
Expected status code &lt;200&gt; but was &lt;400&gt;.

	at test.TcGet.get_productssimilar_web.getproductssimilar_web(get_productssimilar_web.java:35)
</errorStackTrace>
          <errorDetails>1 expectation failed.
Expected status code &lt;200&gt; but was &lt;400&gt;.
</errorDetails>
          <failedSince>766</failedSince>
        </case>
        <case>
          <duration>1.076</duration>
          <className>test.TcGet.get_reviewdetail_web</className>
          <testName>getreviewdetail_web</testName>
          <skipped>false</skipped>
          <errorStackTrace>java.lang.AssertionError: 
1 expectation failed.
Expected status code &lt;200&gt; but was &lt;400&gt;.

	at test.TcGet.get_reviewdetail_web.getreviewdetail_web(get_reviewdetail_web.java:36)
</errorStackTrace>
          <errorDetails>1 expectation failed.
Expected status code &lt;200&gt; but was &lt;400&gt;.
</errorDetails>
          <stdout>Request method:	GET
Request URI:	https://api.femaledaily.com/app/v1/review/detail/62/645493
Proxy:			&lt;none&gt;
Request params:	&lt;none&gt;
Query params:	&lt;none&gt;
Form params:	&lt;none&gt;
Path params:	&lt;none&gt;
Headers:		version=1.5
				device=3
				key=client03-TSbs94s3q5H9PP2yNPBr
				Authorization=eyJhbGciOiJIUzI1NiIsInR5cCI6IkpXVCJ9.eyJ2ZXJzaW9uIjoiMS41IiwiZGV2aWNlIjoiMyIsImtleSI6ImNsaWVudDAzLVRTYnM5NHMzcTVIOVBQMnlOUEJyIiwicG9zdCI6eyJ1c2VyX2lkIjo0OTA1NSwidXNlcm5hbWUiOiJwdXR3aWQiLCJmdWxsbmFtZSI6IlV0d2lkIiwiZW1haWwiOiJmYXpsdXIuZi5yYWhtYW5AZ21haWwuY29tIn0sImlhdCI6MTU2ODcyMjI0MzgzMH0.1ehlFtz4IhrSL06kShV6Ip09RqRg1UHBhc1OS8_gPVM
				Accept=*/*
Cookies:		&lt;none&gt;
Multiparts:		&lt;none&gt;
Body:			&lt;none&gt;
</stdout>
          <failedSince>766</failedSince>
        </case>
        <case>
          <duration>1.164</duration>
          <className>test.TcGet.get_reviewlist_web</className>
          <testName>getreview_web</testName>
          <skipped>false</skipped>
          <errorStackTrace>java.lang.AssertionError: expected [200] but found [400]
	at test.TcGet.get_reviewlist_web.getreview_web(get_reviewlist_web.java:41)
</errorStackTrace>
          <errorDetails>expected [200] but found [400]</errorDetails>
          <failedSince>766</failedSince>
        </case>
        <case>
          <duration>0.594</duration>
          <className>test.TcGet.get_suggestedEnthusiastUserid</className>
          <testName>get_suggestedEnthusiastUserid</testName>
          <skipped>false</skipped>
          <failedSince>0</failedSince>
        </case>
        <case>
          <duration>0.881</duration>
          <className>test.TcGet.get_userbrand</className>
          <testName>getuserbrand</testName>
          <skipped>false</skipped>
          <failedSince>0</failedSince>
        </case>
        <case>
          <duration>0.001</duration>
          <className>test.TcGet.get_userfeed</className>
          <testName>getuserfeed</testName>
          <skipped>false</skipped>
          <failedSince>0</failedSince>
        </case>
        <case>
          <duration>0.984</duration>
          <className>test.TcGet.get_userpredifined</className>
          <testName>getuserpredefined_web</testName>
          <skipped>false</skipped>
          <errorStackTrace>java.lang.AssertionError: 
1 expectation failed.
Expected status code &lt;200&gt; but was &lt;400&gt;.

	at test.TcGet.get_userpredifined.getuserpredefined_web(get_userpredifined.java:34)
</errorStackTrace>
          <errorDetails>1 expectation failed.
Expected status code &lt;200&gt; but was &lt;400&gt;.
</errorDetails>
          <failedSince>766</failedSince>
        </case>
        <case>
          <duration>0.223</duration>
          <className>test.TcGet.get_productsearch_apps</className>
          <testName>getproductsearch_apps</testName>
          <skipped>false</skipped>
          <failedSince>0</failedSince>
        </case>
        <case>
          <duration>0.131</duration>
          <className>test.TcGet.get_productsearch_web</className>
          <testName>getproductsearch_web</testName>
          <skipped>false</skipped>
          <failedSince>0</failedSince>
        </case>
        <case>
          <duration>1.073</duration>
          <className>test.TcGet.get_editorchoice_web</className>
          <testName>geteditorchoice_web</testName>
          <skipped>false</skipped>
          <errorStackTrace>java.lang.AssertionError: 
1 expectation failed.
Expected status code &lt;200&gt; but was &lt;400&gt;.

	at test.TcGet.get_editorchoice_web.geteditorchoice_web(get_editorchoice_web.java:34)
</errorStackTrace>
          <errorDetails>1 expectation failed.
Expected status code &lt;200&gt; but was &lt;400&gt;.
</errorDetails>
          <stdout>Request method:	GET
Request URI:	https://api.femaledaily.com/app/v1/products?editor_choice=y
Proxy:			&lt;none&gt;
Request params:	&lt;none&gt;
Query params:	&lt;none&gt;
Form params:	&lt;none&gt;
Path params:	&lt;none&gt;
Headers:		version=1.5
				device=3
				key=client03-TSbs94s3q5H9PP2yNPBr
				Accept=*/*
Cookies:		&lt;none&gt;
Multiparts:		&lt;none&gt;
Body:			&lt;none&gt;
</stdout>
          <failedSince>766</failedSince>
        </case>
        <case>
          <duration>0.105</duration>
          <className>test.TcGet.get_userProfile_apps</className>
          <testName>run_post_login</testName>
          <skipped>false</skipped>
          <failedSince>0</failedSince>
        </case>
        <case>
          <duration>1.074</duration>
          <className>test.TcGet.get_userProfile_apps</className>
          <testName>getuserprofile_apps</testName>
          <skipped>false</skipped>
          <errorStackTrace>java.lang.AssertionError: 
1 expectation failed.
Expected status code &lt;200&gt; but was &lt;400&gt;.

	at test.TcGet.get_userProfile_apps.getuserprofile_apps(get_userProfile_apps.java:65)
</errorStackTrace>
          <errorDetails>1 expectation failed.
Expected status code &lt;200&gt; but was &lt;400&gt;.
</errorDetails>
          <stdout>Request method:	GET
Request URI:	https://api.femaledaily.com/app/v1/user/profile/364623
Proxy:			&lt;none&gt;
Request params:	&lt;none&gt;
Query params:	&lt;none&gt;
Form params:	&lt;none&gt;
Path params:	&lt;none&gt;
Headers:		version=1.5
				device=1
				key=client01-pb3TVYisCGurD08ks3YW
				Authorization=eyJhbGciOiJIUzI1NiIsInR5cCI6IkpXVCJ9.eyJ2ZXJzaW9uIjoiMS41IiwiZGV2aWNlIjoiMyIsImtleSI6ImNsaWVudDAyLVd2Qk5NTnVWQm9lTEF2UmRja3NyIiwicG9zdCI6eyJ1c2VyX2lkIjo0OTA1NSwidXNlcm5hbWUiOiJwdXR3aWQiLCJmdWxsbmFtZSI6IlV0d2lkIiwiZW1haWwiOiJmYXpsdXIuZi5yYWhtYW5AZ21haWwuY29tIn0sImlhdCI6MTU2ODcyMjIyMjExMn0.A1fiOgpXf_JBXaBUXheIeMaweFBLE08AfzE4TzWGCHc
				Accept=*/*
Cookies:		&lt;none&gt;
Multiparts:		&lt;none&gt;
Body:			&lt;none&gt;
</stdout>
          <failedSince>766</failedSince>
        </case>
        <case>
          <duration>1.148</duration>
          <className>test.TcPost.post_addproduct</className>
          <testName>run_add_product</testName>
          <skipped>false</skipped>
          <errorStackTrace>java.lang.AssertionError: 
1 expectation failed.
Expected status code &lt;200&gt; but was &lt;400&gt;.

	at test.TcPost.post_addproduct.run_add_product(post_addproduct.java:46)
</errorStackTrace>
          <errorDetails>1 expectation failed.
Expected status code &lt;200&gt; but was &lt;400&gt;.
</errorDetails>
          <failedSince>766</failedSince>
        </case>
        <case>
          <duration>1.077</duration>
          <className>test.TcPost.post_addreview_web</className>
          <testName>postaddreview_web</testName>
          <skipped>false</skipped>
          <errorStackTrace>java.lang.AssertionError: expected [200] but found [400]
	at test.TcPost.post_addreview_web.postaddreview_web(post_addreview_web.java:48)
</errorStackTrace>
          <errorDetails>expected [200] but found [400]</errorDetails>
          <failedSince>766</failedSince>
        </case>
        <case>
          <duration>0.071</duration>
          <className>test.TcPost.post_forgetpassword_apps</className>
          <testName>runpostlogin_web</testName>
          <skipped>false</skipped>
          <failedSince>0</failedSince>
        </case>
        <case>
          <duration>0.082</duration>
          <className>test.TcPost.post_forgetpassword_web</className>
          <testName>runpostlogin_web</testName>
          <skipped>false</skipped>
          <failedSince>0</failedSince>
        </case>
        <case>
          <duration>1.069</duration>
          <className>test.TcPost.post_likepost_web</className>
          <testName>postlikepost_web</testName>
          <skipped>false</skipped>
          <errorStackTrace>java.lang.AssertionError: expected [200] but found [400]
	at test.TcPost.post_likepost_web.postlikepost_web(post_likepost_web.java:38)
</errorStackTrace>
          <errorDetails>expected [200] but found [400]</errorDetails>
          <stdout>Request method:	POST
Request URI:	https://api.femaledaily.com/app/v1/user/like/post/0
Proxy:			&lt;none&gt;
Request params:	&lt;none&gt;
Query params:	&lt;none&gt;
Form params:	&lt;none&gt;
Path params:	&lt;none&gt;
Headers:		version=1.5
				device=3
				key=client03-TSbs94s3q5H9PP2yNPBr
				Authorization=eyJhbGciOiJIUzI1NiIsInR5cCI6IkpXVCJ9.eyJ2ZXJzaW9uIjoiMS41IiwiZGV2aWNlIjoiMyIsImtleSI6ImNsaWVudDAzLVRTYnM5NHMzcTVIOVBQMnlOUEJyIiwicG9zdCI6eyJ1c2VyX2lkIjo0OTA1NSwidXNlcm5hbWUiOiJwdXR3aWQiLCJmdWxsbmFtZSI6IlV0d2lkIiwiZW1haWwiOiJmYXpsdXIuZi5yYWhtYW5AZ21haWwuY29tIn0sImlhdCI6MTU2ODcyMjI0MzgzMH0.1ehlFtz4IhrSL06kShV6Ip09RqRg1UHBhc1OS8_gPVM
				Accept=*/*
				Content-Type=application/json; charset=UTF-8
Cookies:		&lt;none&gt;
Multiparts:		&lt;none&gt;
Body:
{
    &quot;is_liked&quot;: &quot;true&quot;
}
</stdout>
          <failedSince>766</failedSince>
        </case>
        <case>
          <duration>1.075</duration>
          <className>test.TcPost.post_likereview_apps</className>
          <testName>postlikereview_apps</testName>
          <skipped>false</skipped>
          <errorStackTrace>java.lang.AssertionError: expected [200] but found [400]
	at test.TcPost.post_likereview_apps.postlikereview_apps(post_likereview_apps.java:38)
</errorStackTrace>
          <errorDetails>expected [200] but found [400]</errorDetails>
          <stdout>Request method:	POST
Request URI:	https://api.femaledaily.com/app/v1/user/like/review/2991
Proxy:			&lt;none&gt;
Request params:	&lt;none&gt;
Query params:	&lt;none&gt;
Form params:	&lt;none&gt;
Path params:	&lt;none&gt;
Headers:		version=1.5
				device=1
				key=client01-pb3TVYisCGurD08ks3YW
				Authorization=eyJhbGciOiJIUzI1NiIsInR5cCI6IkpXVCJ9.eyJ2ZXJzaW9uIjoiMS41IiwiZGV2aWNlIjoiMyIsImtleSI6ImNsaWVudDAyLVd2Qk5NTnVWQm9lTEF2UmRja3NyIiwicG9zdCI6eyJ1c2VyX2lkIjo0OTA1NSwidXNlcm5hbWUiOiJwdXR3aWQiLCJmdWxsbmFtZSI6IlV0d2lkIiwiZW1haWwiOiJmYXpsdXIuZi5yYWhtYW5AZ21haWwuY29tIn0sImlhdCI6MTU2ODcyMjIyMjExMn0.A1fiOgpXf_JBXaBUXheIeMaweFBLE08AfzE4TzWGCHc
				Accept=*/*
				Content-Type=application/json; charset=UTF-8
Cookies:		&lt;none&gt;
Multiparts:		&lt;none&gt;
Body:
{
    &quot;is_liked&quot;: &quot;true&quot;
}
</stdout>
          <failedSince>766</failedSince>
        </case>
        <case>
          <duration>1.073</duration>
          <className>test.TcPost.post_likereview_web</className>
          <testName>postlikereview_apps</testName>
          <skipped>false</skipped>
          <errorStackTrace>java.lang.AssertionError: expected [200] but found [400]
	at test.TcPost.post_likereview_web.postlikereview_apps(post_likereview_web.java:38)
</errorStackTrace>
          <errorDetails>expected [200] but found [400]</errorDetails>
          <stdout>Request method:	POST
Request URI:	https://api.femaledaily.com/app/v1/user/like/review/2991
Proxy:			&lt;none&gt;
Request params:	&lt;none&gt;
Query params:	&lt;none&gt;
Form params:	&lt;none&gt;
Path params:	&lt;none&gt;
Headers:		version=1.5
				device=3
				key=client03-TSbs94s3q5H9PP2yNPBr
				Authorization=eyJhbGciOiJIUzI1NiIsInR5cCI6IkpXVCJ9.eyJ2ZXJzaW9uIjoiMS41IiwiZGV2aWNlIjoiMyIsImtleSI6ImNsaWVudDAzLVRTYnM5NHMzcTVIOVBQMnlOUEJyIiwicG9zdCI6eyJ1c2VyX2lkIjo0OTA1NSwidXNlcm5hbWUiOiJwdXR3aWQiLCJmdWxsbmFtZSI6IlV0d2lkIiwiZW1haWwiOiJmYXpsdXIuZi5yYWhtYW5AZ21haWwuY29tIn0sImlhdCI6MTU2ODcyMjI0MzgzMH0.1ehlFtz4IhrSL06kShV6Ip09RqRg1UHBhc1OS8_gPVM
				Accept=*/*
				Content-Type=application/json; charset=UTF-8
Cookies:		&lt;none&gt;
Multiparts:		&lt;none&gt;
Body:
{
    &quot;is_liked&quot;: &quot;true&quot;
}
</stdout>
          <failedSince>766</failedSince>
        </case>
        <case>
          <duration>0.101</duration>
          <className>test.TcPost.post_login_apps</className>
          <testName>runpostlogin_apps</testName>
          <skipped>false</skipped>
          <failedSince>0</failedSince>
        </case>
        <case>
          <duration>0.076</duration>
          <className>test.TcPost.post_login_web</className>
          <testName>runpostlogin_web</testName>
          <skipped>false</skipped>
          <failedSince>0</failedSince>
        </case>
        <case>
          <duration>0.074</duration>
          <className>test.TcPost.post_usercommentpost_web</className>
          <testName>postusercommentpost_web</testName>
          <skipped>false</skipped>
          <failedSince>0</failedSince>
        </case>
        <case>
          <duration>1.07</duration>
          <className>test.TcPost.post_userpost_apps</className>
          <testName>postuserpost_apps</testName>
          <skipped>false</skipped>
          <errorStackTrace>java.lang.AssertionError: 
1 expectation failed.
Expected status code &lt;200&gt; but was &lt;400&gt;.

	at test.TcPost.post_userpost_apps.postuserpost_apps(post_userpost_apps.java:38)
</errorStackTrace>
          <errorDetails>1 expectation failed.
Expected status code &lt;200&gt; but was &lt;400&gt;.
</errorDetails>
          <failedSince>766</failedSince>
        </case>
        <case>
          <duration>1.09</duration>
          <className>test.TcPost.post_userposttagging_apps</className>
          <testName>postuserposttagging_apps</testName>
          <skipped>false</skipped>
          <errorStackTrace>java.lang.AssertionError: 
1 expectation failed.
Expected status code &lt;200&gt; but was &lt;400&gt;.

	at test.TcPost.post_userposttagging_apps.postuserposttagging_apps(post_userposttagging_apps.java:38)
</errorStackTrace>
          <errorDetails>1 expectation failed.
Expected status code &lt;200&gt; but was &lt;400&gt;.
</errorDetails>
          <failedSince>766</failedSince>
        </case>
        <case>
          <duration>1.092</duration>
          <className>test.TcPost.post_discover_apps</className>
          <testName>postdiscover_apps</testName>
          <skipped>false</skipped>
          <errorStackTrace>java.lang.AssertionError: expected [200] but found [400]
	at test.TcPost.post_discover_apps.postdiscover_apps(post_discover_apps.java:41)
</errorStackTrace>
          <errorDetails>expected [200] but found [400]</errorDetails>
          <failedSince>766</failedSince>
        </case>
        <case>
          <duration>0.128</duration>
          <className>test.TcPost.post_followsuggested_web</className>
          <testName>run_post_login</testName>
          <skipped>false</skipped>
          <failedSince>0</failedSince>
        </case>
        <case>
          <duration>1.219</duration>
          <className>test.TcPost.post_followuser_apps</className>
          <testName>postfollowuser_apps</testName>
          <skipped>false</skipped>
          <errorStackTrace>java.lang.AssertionError: expected [200] but found [400]
	at test.TcPost.post_followuser_apps.postfollowuser_apps(post_followuser_apps.java:37)
</errorStackTrace>
          <errorDetails>expected [200] but found [400]</errorDetails>
          <failedSince>766</failedSince>
        </case>
        <case>
          <duration>1.089</duration>
          <className>test.TcPost.post_followuser_web</className>
          <testName>postfollowuser_web</testName>
          <skipped>false</skipped>
          <errorStackTrace>java.lang.AssertionError: expected [200] but found [400]
	at test.TcPost.post_followuser_web.postfollowuser_web(post_followuser_web.java:37)
</errorStackTrace>
          <errorDetails>expected [200] but found [400]</errorDetails>
          <failedSince>766</failedSince>
        </case>
        <case>
          <duration>0.39</duration>
          <className>test.TcPost.post_followusers_apps</className>
          <testName>postfollowusers_apps</testName>
          <skipped>false</skipped>
          <errorStackTrace>java.lang.AssertionError: expected [200] but found [502]
	at test.TcPost.post_followusers_apps.postfollowusers_apps(post_followusers_apps.java:37)
</errorStackTrace>
          <errorDetails>expected [200] but found [502]</errorDetails>
          <failedSince>766</failedSince>
        </case>
        <case>
          <duration>0.088</duration>
          <className>test.TcPost.post_likepost_apps</className>
          <testName>runpostlogin_apps</testName>
          <skipped>false</skipped>
          <failedSince>0</failedSince>
        </case>
        <case>
          <duration>0.079</duration>
          <className>test.TcPost.post_register_apps</className>
          <testName>run_post_register</testName>
          <skipped>false</skipped>
          <failedSince>0</failedSince>
        </case>
        <case>
          <duration>0.071</duration>
          <className>test.TcPost.post_register_web</className>
          <testName>run_post_register</testName>
          <skipped>false</skipped>
          <failedSince>0</failedSince>
        </case>
        <case>
          <duration>0.078</duration>
          <className>test.TcPost.post_usercommentreview_web</className>
          <testName>runpostlogin_web</testName>
          <skipped>false</skipped>
          <failedSince>0</failedSince>
        </case>
        <case>
          <duration>1.081</duration>
          <className>test.TcPost.post_followsuggested_web</className>
          <testName>postfollowsuggested_web</testName>
          <skipped>false</skipped>
          <errorStackTrace>java.lang.AssertionError: expected [200] but found [400]
	at test.TcPost.post_followsuggested_web.postfollowsuggested_web(post_followsuggested_web.java:65)
</errorStackTrace>
          <errorDetails>expected [200] but found [400]</errorDetails>
          <failedSince>766</failedSince>
        </case>
        <case>
          <duration>1.057</duration>
          <className>test.TcPost.post_likepost_apps</className>
          <testName>postlikepost_apps</testName>
          <skipped>false</skipped>
          <failedSince>0</failedSince>
        </case>
        <case>
          <duration>1.081</duration>
          <className>test.TcPost.post_register_apps</className>
          <testName>getuserprofile_apps</testName>
          <skipped>false</skipped>
          <errorStackTrace>java.lang.AssertionError: 
1 expectation failed.
Expected status code &lt;200&gt; but was &lt;400&gt;.

	at test.TcPost.post_register_apps.getuserprofile_apps(post_register_apps.java:123)
</errorStackTrace>
          <errorDetails>1 expectation failed.
Expected status code &lt;200&gt; but was &lt;400&gt;.
</errorDetails>
          <stdout>Request method:	GET
Request URI:	https://api.femaledaily.com/app/v1/user/profile/putwid
Proxy:			&lt;none&gt;
Request params:	&lt;none&gt;
Query params:	&lt;none&gt;
Form params:	&lt;none&gt;
Path params:	&lt;none&gt;
Headers:		version=1.5
				device=1
				key=client01-pb3TVYisCGurD08ks3YW
				Authorization=eyJhbGciOiJIUzI1NiIsInR5cCI6IkpXVCJ9.eyJ2ZXJzaW9uIjoiMS41IiwiZGV2aWNlIjoiMyIsImtleSI6ImNsaWVudDAyLVd2Qk5NTnVWQm9lTEF2UmRja3NyIiwicG9zdCI6eyJ1c2VyX2lkIjo0OTA1NSwidXNlcm5hbWUiOiJwdXR3aWQiLCJmdWxsbmFtZSI6IlV0d2lkIiwiZW1haWwiOiJmYXpsdXIuZi5yYWhtYW5AZ21haWwuY29tIn0sImlhdCI6MTU2ODcyMjIyMjExMn0.A1fiOgpXf_JBXaBUXheIeMaweFBLE08AfzE4TzWGCHc
				Accept=*/*
Cookies:		&lt;none&gt;
Multiparts:		&lt;none&gt;
Body:			&lt;none&gt;
</stdout>
          <failedSince>766</failedSince>
        </case>
        <case>
          <duration>0.132</duration>
          <className>test.TcPost.post_register_web</className>
          <testName>getuserprofile_web</testName>
          <skipped>false</skipped>
          <failedSince>0</failedSince>
        </case>
        <case>
          <duration>1.071</duration>
          <className>test.TcPost.post_usercommentreview_web</className>
          <testName>postusercommentreview_web</testName>
          <skipped>false</skipped>
          <errorStackTrace>java.lang.AssertionError: expected [200] but found [400]
	at test.TcPost.post_usercommentreview_web.postusercommentreview_web(post_usercommentreview_web.java:72)
</errorStackTrace>
          <errorDetails>expected [200] but found [400]</errorDetails>
          <failedSince>766</failedSince>
        </case>
        <case>
          <duration>2.17</duration>
          <className>test.TcPut.put_profileinfo_web</className>
          <testName>putprofileinfo_web</testName>
          <skipped>false</skipped>
          <errorStackTrace>java.lang.AssertionError: 
1 expectation failed.
Expected status code &lt;200&gt; but was &lt;400&gt;.

	at test.TcPut.put_profileinfo_web.putprofileinfo_web(put_profileinfo_web.java:36)
</errorStackTrace>
          <errorDetails>1 expectation failed.
Expected status code &lt;200&gt; but was &lt;400&gt;.
</errorDetails>
          <failedSince>766</failedSince>
        </case>
        <case>
          <duration>1.071</duration>
          <className>test.TcPut.put_profileinfo_apps</className>
          <testName>putprofileinfo_apps</testName>
          <skipped>false</skipped>
          <errorStackTrace>java.lang.AssertionError: 
1 expectation failed.
Expected status code &lt;200&gt; but was &lt;400&gt;.

	at test.TcPut.put_profileinfo_apps.putprofileinfo_apps(put_profileinfo_apps.java:35)
</errorStackTrace>
          <errorDetails>1 expectation failed.
Expected status code &lt;200&gt; but was &lt;400&gt;.
</errorDetails>
          <failedSince>766</failedSince>
        </case>
        <case>
          <duration>0.08</duration>
          <className>test.TcPut.put_profilecomplete_apps</className>
          <testName>runpostlogin_apps</testName>
          <skipped>false</skipped>
          <failedSince>0</failedSince>
        </case>
        <case>
          <duration>0.128</duration>
          <className>test.TcPut.put_profilecomplete_web</className>
          <testName>runpostlogin_web</testName>
          <skipped>false</skipped>
          <failedSince>0</failedSince>
        </case>
        <case>
          <duration>0.106</duration>
          <className>test.TcPut.put_userpost_apps</className>
          <testName>runpostlogin_apps</testName>
          <skipped>false</skipped>
          <failedSince>0</failedSince>
        </case>
        <case>
          <duration>0.104</duration>
          <className>test.TcPut.put_userreview_apps</className>
          <testName>runpostlogin_apps</testName>
          <skipped>false</skipped>
          <failedSince>0</failedSince>
        </case>
        <case>
          <duration>0.101</duration>
          <className>test.TcPut.put_userreview_web</className>
          <testName>runpostlogin_apps</testName>
          <skipped>false</skipped>
          <failedSince>0</failedSince>
        </case>
        <case>
          <duration>1.121</duration>
          <className>test.TcPut.put_profilecomplete_apps</className>
          <testName>putprofilecomplete_apps</testName>
          <skipped>false</skipped>
          <errorStackTrace>java.lang.AssertionError: 
1 expectation failed.
Expected status code &lt;200&gt; but was &lt;400&gt;.

	at test.TcPut.put_profilecomplete_apps.putprofilecomplete_apps(put_profilecomplete_apps.java:75)
</errorStackTrace>
          <errorDetails>1 expectation failed.
Expected status code &lt;200&gt; but was &lt;400&gt;.
</errorDetails>
          <failedSince>766</failedSince>
        </case>
        <case>
          <duration>1.126</duration>
          <className>test.TcPut.put_profilecomplete_web</className>
          <testName>putprofilecomplete_web</testName>
          <skipped>false</skipped>
          <errorStackTrace>java.lang.AssertionError: 
1 expectation failed.
Expected status code &lt;200&gt; but was &lt;400&gt;.

	at test.TcPut.put_profilecomplete_web.putprofilecomplete_web(put_profilecomplete_web.java:75)
</errorStackTrace>
          <errorDetails>1 expectation failed.
Expected status code &lt;200&gt; but was &lt;400&gt;.
</errorDetails>
          <failedSince>766</failedSince>
        </case>
        <case>
          <duration>0.178</duration>
          <className>test.TcPut.put_userpost_apps</className>
          <testName>putuserpost_apps</testName>
          <skipped>false</skipped>
          <failedSince>0</failedSince>
        </case>
        <case>
          <duration>0.233</duration>
          <className>test.TcPut.put_userreview_apps</className>
          <testName>putuserreview_apps</testName>
          <skipped>false</skipped>
          <failedSince>0</failedSince>
        </case>
        <case>
          <duration>1.093</duration>
          <className>test.TcPut.put_userreview_web</className>
          <testName>putuserreview_apps</testName>
          <skipped>false</skipped>
          <errorStackTrace>java.lang.AssertionError: expected [200] but found [400]
	at test.TcPut.put_userreview_web.putuserreview_apps(put_userreview_web.java:68)
</errorStackTrace>
          <errorDetails>expected [200] but found [400]</errorDetails>
          <stdout>Request method:	PUT
Request URI:	https://api.femaledaily.com/app/v1/user/review/646280
Proxy:			&lt;none&gt;
Request params:	&lt;none&gt;
Query params:	&lt;none&gt;
Form params:	&lt;none&gt;
Path params:	&lt;none&gt;
Headers:		version=1.5
				device=3
				key=client03-TSbs94s3q5H9PP2yNPBr
				Authorization=eyJhbGciOiJIUzI1NiIsInR5cCI6IkpXVCJ9.eyJ2ZXJzaW9uIjoiMS41IiwiZGV2aWNlIjoiMyIsImtleSI6ImNsaWVudDAzLVRTYnM5NHMzcTVIOVBQMnlOUEJyIiwicG9zdCI6eyJ1c2VyX2lkIjoyOTcxNjMsInVzZXJuYW1lIjoidGVzdHFhIiwiZnVsbG5hbWUiOiJyZXN0YXBwcyIsImVtYWlsIjoibXlqbmUwMDFAZ21haWwuY29tIn0sImlhdCI6MTU2ODcyMjI5MTk3Mn0.1AUitLW29tYOyBDn0D52lU4lZl-LvDrJmczVcnXxni4
				Accept=*/*
				Content-Type=application/json; charset=UTF-8
Cookies:		&lt;none&gt;
Multiparts:		&lt;none&gt;
Body:
{
    &quot;product_id&quot;: &quot;702&quot;,
    &quot;text&quot;: &quot;produk paling bermanfaat. dipake klo pas mau tidur klo lagi jerawatan, bisa lsg kempes. susah bgt beli du toko offline, sering bgt kehabisan. dan g tau kenapa cepet habis nya hahaha karna sering bgt dipake klo dah dirumah.&quot;,
    &quot;rating&quot;: &quot;5.0&quot;,
    &quot;package_quality&quot;: &quot;4.6&quot;,
    &quot;repurchase&quot;: &quot;y&quot;,
    &quot;think_price&quot;: &quot;e&quot;
}
</stdout>
          <failedSince>766</failedSince>
        </case>
        <case>
          <duration>0.078</duration>
          <className>test.TcTalkGet.get_popularGroup</className>
          <testName>getpopularGroup</testName>
          <skipped>false</skipped>
          <failedSince>0</failedSince>
        </case>
        <case>
          <duration>0.112</duration>
          <className>test.TcTalkGet.get_recenttalk</className>
          <testName>getrecentalk_web</testName>
          <skipped>false</skipped>
          <failedSince>0</failedSince>
        </case>
      </cases>
    </suite>
  </suites>
  <duration>162.638</duration>
  <keepLongStdio>false</keepLongStdio>
</result>