<?xml version='1.1' encoding='UTF-8'?>
<result plugin="junit@1.28">
  <suites>
    <suite>
      <file>/var/lib/jenkins/workspace/check-api.fdn.com/fdn.restassured.com/target/surefire-reports/TEST-TestSuite.xml</file>
      <name>TestSuite</name>
      <duration>381.711</duration>
      <time>381.711</time>
      <enclosingBlocks/>
      <enclosingBlockNames/>
      <cases>
        <case>
          <duration>2.236</duration>
          <className>test.tc_get.get_beautyroundup</className>
          <testName>getbeautyroundup</testName>
          <skipped>false</skipped>
          <failedSince>0</failedSince>
        </case>
        <case>
          <duration>0.333</duration>
          <className>test.tc_get.get_blogarticle</className>
          <testName>getblogarticle</testName>
          <skipped>false</skipped>
          <failedSince>0</failedSince>
        </case>
        <case>
          <duration>0.137</duration>
          <className>test.tc_get.get_commentpost_web</className>
          <testName>getcommentpost_web</testName>
          <skipped>false</skipped>
          <failedSince>0</failedSince>
        </case>
        <case>
          <duration>0.156</duration>
          <className>test.tc_get.get_commentreview_web</className>
          <testName>getcommentpost_web</testName>
          <skipped>false</skipped>
          <failedSince>0</failedSince>
        </case>
        <case>
          <duration>0.741</duration>
          <className>test.tc_get.get_feed_apps</className>
          <testName>getfeed_web</testName>
          <skipped>false</skipped>
          <failedSince>0</failedSince>
        </case>
        <case>
          <duration>0.676</duration>
          <className>test.tc_get.get_feed_web</className>
          <testName>getfeed_web</testName>
          <skipped>false</skipped>
          <failedSince>0</failedSince>
        </case>
        <case>
          <duration>0.098</duration>
          <className>test.tc_get.get_feeddetail_web</className>
          <testName>getfeeddetail_web</testName>
          <skipped>false</skipped>
          <failedSince>0</failedSince>
        </case>
        <case>
          <duration>0.689</duration>
          <className>test.tc_get.get_feedreport</className>
          <testName>getfeed_web</testName>
          <skipped>false</skipped>
          <failedSince>0</failedSince>
        </case>
        <case>
          <duration>0.141</duration>
          <className>test.tc_get.get_follower_web</className>
          <testName>getfollower_web</testName>
          <skipped>false</skipped>
          <failedSince>0</failedSince>
        </case>
        <case>
          <duration>0.106</duration>
          <className>test.tc_get.get_following_web</className>
          <testName>getfollowing_web</testName>
          <skipped>false</skipped>
          <failedSince>0</failedSince>
        </case>
        <case>
          <duration>0.16</duration>
          <className>test.tc_get.get_newestreview</className>
          <testName>getnewestreview_web</testName>
          <skipped>false</skipped>
          <failedSince>0</failedSince>
        </case>
        <case>
          <duration>0.1</duration>
          <className>test.tc_get.get_notifcount</className>
          <testName>getnotifpage_web</testName>
          <skipped>false</skipped>
          <failedSince>0</failedSince>
        </case>
        <case>
          <duration>0.486</duration>
          <className>test.tc_get.get_notifpage</className>
          <testName>getnotifpage_web</testName>
          <skipped>false</skipped>
          <failedSince>0</failedSince>
        </case>
        <case>
          <duration>0.119</duration>
          <className>test.tc_get.get_postdetail</className>
          <testName>getnotifpage_web</testName>
          <skipped>false</skipped>
          <failedSince>0</failedSince>
        </case>
        <case>
          <duration>0.143</duration>
          <className>test.tc_get.get_productdetail_web</className>
          <testName>getproductdetail_web</testName>
          <skipped>false</skipped>
          <failedSince>0</failedSince>
        </case>
        <case>
          <duration>0.284</duration>
          <className>test.tc_get.get_productlist_web</className>
          <testName>getproductlist_web</testName>
          <skipped>false</skipped>
          <failedSince>0</failedSince>
        </case>
        <case>
          <duration>0.209</duration>
          <className>test.tc_get.get_productmatches_apps</className>
          <testName>getproductmatches_apps</testName>
          <skipped>false</skipped>
          <failedSince>0</failedSince>
        </case>
        <case>
          <duration>0.157</duration>
          <className>test.tc_get.get_products_web</className>
          <testName>getproducts_web</testName>
          <skipped>false</skipped>
          <failedSince>0</failedSince>
        </case>
        <case>
          <duration>0.076</duration>
          <className>test.tc_get.get_productsimilar</className>
          <testName>getproductsimilar_apps</testName>
          <skipped>false</skipped>
          <failedSince>0</failedSince>
        </case>
        <case>
          <duration>0.091</duration>
          <className>test.tc_get.get_productssimilar_web</className>
          <testName>getproductssimilar_web</testName>
          <skipped>false</skipped>
          <failedSince>0</failedSince>
        </case>
        <case>
          <duration>0.087</duration>
          <className>test.tc_get.get_reviewdetail_web</className>
          <testName>getreviewdetail_web</testName>
          <skipped>false</skipped>
          <failedSince>0</failedSince>
        </case>
        <case>
          <duration>0.224</duration>
          <className>test.tc_get.get_reviewlist_web</className>
          <testName>getreview_web</testName>
          <skipped>false</skipped>
          <failedSince>0</failedSince>
        </case>
        <case>
          <duration>0.35</duration>
          <className>test.tc_get.get_suggestedEnthusiastUserid</className>
          <testName>get_suggestedEnthusiastUserid</testName>
          <skipped>false</skipped>
          <failedSince>0</failedSince>
        </case>
        <case>
          <duration>0.632</duration>
          <className>test.tc_get.get_userbrand</className>
          <testName>getuserbrand</testName>
          <skipped>false</skipped>
          <failedSince>0</failedSince>
        </case>
        <case>
          <duration>0.001</duration>
          <className>test.tc_get.get_userfeed</className>
          <testName>getuserfeed</testName>
          <skipped>false</skipped>
          <failedSince>0</failedSince>
        </case>
        <case>
          <duration>0.085</duration>
          <className>test.tc_get.get_userpredifined</className>
          <testName>getuserpredefined_web</testName>
          <skipped>false</skipped>
          <failedSince>0</failedSince>
        </case>
        <case>
          <duration>0.214</duration>
          <className>test.tc_get.get_productsearch_apps</className>
          <testName>getproductsearch_apps</testName>
          <skipped>false</skipped>
          <failedSince>0</failedSince>
        </case>
        <case>
          <duration>0.107</duration>
          <className>test.tc_get.get_productsearch_web</className>
          <testName>getproductsearch_web</testName>
          <skipped>false</skipped>
          <failedSince>0</failedSince>
        </case>
        <case>
          <duration>0.212</duration>
          <className>test.tc_get.get_editorchoice_web</className>
          <testName>geteditorchoice_web</testName>
          <skipped>false</skipped>
          <failedSince>0</failedSince>
        </case>
        <case>
          <duration>60.088</duration>
          <className>test.tc_get.get_userProfile_apps</className>
          <testName>run_post_login</testName>
          <skipped>false</skipped>
          <errorStackTrace>java.lang.AssertionError: expected [200] but found [504]
	at test.tc_get.get_userProfile_apps.run_post_login(get_userProfile_apps.java:45)
</errorStackTrace>
          <errorDetails>expected [200] but found [504]</errorDetails>
          <stdout>Request method:	POST
Request URI:	https://api.femaledaily.com/app/v1/login
Proxy:			&lt;none&gt;
Request params:	&lt;none&gt;
Query params:	&lt;none&gt;
Form params:	&lt;none&gt;
Path params:	&lt;none&gt;
Headers:		version=1.5
				device=1
				key=client01-pb3TVYisCGurD08ks3YW
				Authorization=eyJhbGciOiJIUzI1NiIsInR5cCI6IkpXVCJ9.eyJ2ZXJzaW9uIjoiMS41IiwiZGV2aWNlIjoiMyIsImtleSI6ImNsaWVudDAyLVd2Qk5NTnVWQm9lTEF2UmRja3NyIiwicG9zdCI6eyJ1c2VyX2lkIjo0OTA1NSwidXNlcm5hbWUiOiJwdXR3aWQiLCJmdWxsbmFtZSI6IlV0d2lkIiwiZW1haWwiOiJmYXpsdXIuZi5yYWhtYW5AZ21haWwuY29tIn0sImlhdCI6MTU2NjEyMzcxNDI5OH0.vuX8FZyIOS5iE4guI7pWNu5dT5CoGm2BFkKzo5cJOzY
				Accept=*/*
				Content-Type=application/json; charset=UTF-8
Cookies:		&lt;none&gt;
Multiparts:		&lt;none&gt;
Body:
{
    &quot;username&quot;: &quot;putwid&quot;,
    &quot;password&quot;: &quot;tester123&quot;
}
</stdout>
          <failedSince>367</failedSince>
        </case>
        <case>
          <duration>0.139</duration>
          <className>test.tc_get.get_userProfile_apps</className>
          <testName>getuserprofile_apps</testName>
          <skipped>false</skipped>
          <failedSince>0</failedSince>
        </case>
        <case>
          <duration>0.405</duration>
          <className>test.tc_post.post_addproduct</className>
          <testName>run_add_product</testName>
          <skipped>false</skipped>
          <failedSince>0</failedSince>
        </case>
        <case>
          <duration>0.077</duration>
          <className>test.tc_post.post_addreview_web</className>
          <testName>postaddreview_web</testName>
          <skipped>false</skipped>
          <failedSince>0</failedSince>
        </case>
        <case>
          <duration>0.055</duration>
          <className>test.tc_post.post_forgetpassword_apps</className>
          <testName>runpostlogin_web</testName>
          <skipped>false</skipped>
          <failedSince>0</failedSince>
        </case>
        <case>
          <duration>0.06</duration>
          <className>test.tc_post.post_forgetpassword_web</className>
          <testName>runpostlogin_web</testName>
          <skipped>false</skipped>
          <failedSince>0</failedSince>
        </case>
        <case>
          <duration>0.08</duration>
          <className>test.tc_post.post_likepost_web</className>
          <testName>postlikepost_web</testName>
          <skipped>false</skipped>
          <failedSince>0</failedSince>
        </case>
        <case>
          <duration>0.163</duration>
          <className>test.tc_post.post_likereview_apps</className>
          <testName>postlikereview_apps</testName>
          <skipped>false</skipped>
          <failedSince>0</failedSince>
        </case>
        <case>
          <duration>0.08</duration>
          <className>test.tc_post.post_likereview_web</className>
          <testName>postlikereview_apps</testName>
          <skipped>false</skipped>
          <failedSince>0</failedSince>
        </case>
        <case>
          <duration>60.53</duration>
          <className>test.tc_post.post_login_apps</className>
          <testName>runpostlogin_apps</testName>
          <skipped>false</skipped>
          <errorStackTrace>java.lang.AssertionError: expected [200] but found [504]
	at test.tc_post.post_login_apps.runpostlogin_apps(post_login_apps.java:40)
</errorStackTrace>
          <errorDetails>expected [200] but found [504]</errorDetails>
          <stdout>Request method:	POST
Request URI:	https://api.femaledaily.com/app/v1/login
Proxy:			&lt;none&gt;
Request params:	&lt;none&gt;
Query params:	&lt;none&gt;
Form params:	&lt;none&gt;
Path params:	&lt;none&gt;
Headers:		version=1.5
				device=1
				key=client01-pb3TVYisCGurD08ks3YW
				Authorization=eyJhbGciOiJIUzI1NiIsInR5cCI6IkpXVCJ9.eyJ2ZXJzaW9uIjoiMS41IiwiZGV2aWNlIjoiMyIsImtleSI6ImNsaWVudDAyLVd2Qk5NTnVWQm9lTEF2UmRja3NyIiwicG9zdCI6eyJ1c2VyX2lkIjo0OTA1NSwidXNlcm5hbWUiOiJwdXR3aWQiLCJmdWxsbmFtZSI6IlV0d2lkIiwiZW1haWwiOiJmYXpsdXIuZi5yYWhtYW5AZ21haWwuY29tIn0sImlhdCI6MTU2NjEyMzcxNDI5OH0.vuX8FZyIOS5iE4guI7pWNu5dT5CoGm2BFkKzo5cJOzY
				Accept=*/*
				Content-Type=application/json; charset=UTF-8
Cookies:		&lt;none&gt;
Multiparts:		&lt;none&gt;
Body:
{
    &quot;username&quot;: &quot;putwid&quot;,
    &quot;password&quot;: &quot;tester123&quot;
}
&lt;html&gt;
  &lt;head&gt;
    &lt;title&gt;504 Gateway Time-out&lt;/title&gt;
  &lt;/head&gt;
  &lt;body bgcolor=&quot;white&quot;&gt;
    &lt;center&gt;
      &lt;h1&gt;504 Gateway Time-out&lt;/h1&gt;
    &lt;/center&gt;
    &lt;hr/&gt;
    &lt;center&gt;nginx/1.10.3 (Ubuntu)&lt;/center&gt;
  &lt;/body&gt;
&lt;/html&gt;
response is&lt;html&gt;
  &lt;head&gt;
    &lt;title&gt;504 Gateway Time-out&lt;/title&gt;
  &lt;/head&gt;
  &lt;body bgcolor=&quot;white&quot;&gt;
    &lt;center&gt;
      &lt;h1&gt;504 Gateway Time-out&lt;/h1&gt;
    &lt;/center&gt;
    &lt;hr/&gt;
    &lt;center&gt;nginx/1.10.3 (Ubuntu)&lt;/center&gt;
  &lt;/body&gt;
&lt;/html&gt;
</stdout>
          <failedSince>367</failedSince>
        </case>
        <case>
          <duration>60.059</duration>
          <className>test.tc_post.post_login_web</className>
          <testName>runpostlogin_web</testName>
          <skipped>false</skipped>
          <errorStackTrace>java.lang.AssertionError: expected [200] but found [504]
	at test.tc_post.post_login_web.runpostlogin_web(post_login_web.java:47)
</errorStackTrace>
          <errorDetails>expected [200] but found [504]</errorDetails>
          <stdout>Request method:	POST
Request URI:	https://api.femaledaily.com/app/v1/login
Proxy:			&lt;none&gt;
Request params:	&lt;none&gt;
Query params:	&lt;none&gt;
Form params:	&lt;none&gt;
Path params:	&lt;none&gt;
Headers:		version=1.5
				device=3
				key=client03-TSbs94s3q5H9PP2yNPBr
				Authorization=eyJhbGciOiJIUzI1NiIsInR5cCI6IkpXVCJ9.eyJ2ZXJzaW9uIjoiMS41IiwiZGV2aWNlIjoiMyIsImtleSI6ImNsaWVudDAzLVRTYnM5NHMzcTVIOVBQMnlOUEJyIiwicG9zdCI6eyJ1c2VyX2lkIjo0OTA1NSwidXNlcm5hbWUiOiJwdXR3aWQiLCJmdWxsbmFtZSI6IlV0d2lkIiwiZW1haWwiOiJmYXpsdXIuZi5yYWhtYW5AZ21haWwuY29tIn0sImlhdCI6MTU2NjEyMzY3NjIzNH0.utRHq8TCmeRftn5H8_qVTNZ1vmnduTPyOtQ2XGC0cvs
				Accept=*/*
				Content-Type=application/json; charset=UTF-8
Cookies:		&lt;none&gt;
Multiparts:		&lt;none&gt;
Body:
{
    &quot;username&quot;: &quot;putwid&quot;,
    &quot;password&quot;: &quot;tester123&quot;
}
</stdout>
          <failedSince>367</failedSince>
        </case>
        <case>
          <duration>0.068</duration>
          <className>test.tc_post.post_usercommentpost_web</className>
          <testName>postusercommentpost_web</testName>
          <skipped>false</skipped>
          <failedSince>0</failedSince>
        </case>
        <case>
          <duration>0.079</duration>
          <className>test.tc_post.post_userpost_apps</className>
          <testName>postuserpost_apps</testName>
          <skipped>false</skipped>
          <failedSince>0</failedSince>
        </case>
        <case>
          <duration>0.071</duration>
          <className>test.tc_post.post_userposttagging_apps</className>
          <testName>postuserposttagging_apps</testName>
          <skipped>false</skipped>
          <failedSince>0</failedSince>
        </case>
        <case>
          <duration>0.061</duration>
          <className>test.tc_post.post_discover_apps</className>
          <testName>postdiscover_apps</testName>
          <skipped>false</skipped>
          <failedSince>0</failedSince>
        </case>
        <case>
          <duration>60.057</duration>
          <className>test.tc_post.post_followsuggested_web</className>
          <testName>run_post_login</testName>
          <skipped>false</skipped>
          <errorStackTrace>java.lang.AssertionError: expected [200] but found [504]
	at test.tc_post.post_followsuggested_web.run_post_login(post_followsuggested_web.java:43)
</errorStackTrace>
          <errorDetails>expected [200] but found [504]</errorDetails>
          <stdout>Request method:	POST
Request URI:	https://api.femaledaily.com/app/v1/login
Proxy:			&lt;none&gt;
Request params:	&lt;none&gt;
Query params:	&lt;none&gt;
Form params:	&lt;none&gt;
Path params:	&lt;none&gt;
Headers:		version=1.5
				device=3
				key=client03-TSbs94s3q5H9PP2yNPBr
				Authorization=eyJhbGciOiJIUzI1NiIsInR5cCI6IkpXVCJ9.eyJ2ZXJzaW9uIjoiMS41IiwiZGV2aWNlIjoiMyIsImtleSI6ImNsaWVudDAzLVRTYnM5NHMzcTVIOVBQMnlOUEJyIiwicG9zdCI6eyJ1c2VyX2lkIjo0OTA1NSwidXNlcm5hbWUiOiJwdXR3aWQiLCJmdWxsbmFtZSI6IlV0d2lkIiwiZW1haWwiOiJmYXpsdXIuZi5yYWhtYW5AZ21haWwuY29tIn0sImlhdCI6MTU2NjEyMzY3NjIzNH0.utRHq8TCmeRftn5H8_qVTNZ1vmnduTPyOtQ2XGC0cvs
				Accept=*/*
				Content-Type=application/json; charset=UTF-8
Cookies:		&lt;none&gt;
Multiparts:		&lt;none&gt;
Body:
{
    &quot;username&quot;: &quot;putwid&quot;,
    &quot;password&quot;: &quot;tester123&quot;
}
</stdout>
          <failedSince>367</failedSince>
        </case>
        <case>
          <duration>0.063</duration>
          <className>test.tc_post.post_followuser_apps</className>
          <testName>postfollowuser_apps</testName>
          <skipped>false</skipped>
          <failedSince>0</failedSince>
        </case>
        <case>
          <duration>0.071</duration>
          <className>test.tc_post.post_followuser_web</className>
          <testName>postfollowuser_web</testName>
          <skipped>false</skipped>
          <failedSince>0</failedSince>
        </case>
        <case>
          <duration>0.061</duration>
          <className>test.tc_post.post_followusers_apps</className>
          <testName>postfollowusers_apps</testName>
          <skipped>false</skipped>
          <failedSince>0</failedSince>
        </case>
        <case>
          <duration>60.053</duration>
          <className>test.tc_post.post_likepost_apps</className>
          <testName>runpostlogin_apps</testName>
          <skipped>false</skipped>
          <errorStackTrace>java.lang.AssertionError: expected [200] but found [504]
	at test.tc_post.post_likepost_apps.runpostlogin_apps(post_likepost_apps.java:39)
</errorStackTrace>
          <errorDetails>expected [200] but found [504]</errorDetails>
          <stdout>Request method:	POST
Request URI:	https://api.femaledaily.com/app/v1/login
Proxy:			&lt;none&gt;
Request params:	&lt;none&gt;
Query params:	&lt;none&gt;
Form params:	&lt;none&gt;
Path params:	&lt;none&gt;
Headers:		version=1.5
				device=1
				key=client01-pb3TVYisCGurD08ks3YW
				Authorization=eyJhbGciOiJIUzI1NiIsInR5cCI6IkpXVCJ9.eyJ2ZXJzaW9uIjoiMS41IiwiZGV2aWNlIjoiMyIsImtleSI6ImNsaWVudDAyLVd2Qk5NTnVWQm9lTEF2UmRja3NyIiwicG9zdCI6eyJ1c2VyX2lkIjo0OTA1NSwidXNlcm5hbWUiOiJwdXR3aWQiLCJmdWxsbmFtZSI6IlV0d2lkIiwiZW1haWwiOiJmYXpsdXIuZi5yYWhtYW5AZ21haWwuY29tIn0sImlhdCI6MTU2NjEyMzcxNDI5OH0.vuX8FZyIOS5iE4guI7pWNu5dT5CoGm2BFkKzo5cJOzY
				Accept=*/*
				Content-Type=application/json; charset=UTF-8
Cookies:		&lt;none&gt;
Multiparts:		&lt;none&gt;
Body:
{
    &quot;username&quot;: &quot;putwid&quot;,
    &quot;password&quot;: &quot;tester123&quot;
}
</stdout>
          <failedSince>367</failedSince>
        </case>
        <case>
          <duration>0.061</duration>
          <className>test.tc_post.post_register_apps</className>
          <testName>run_post_register</testName>
          <skipped>false</skipped>
          <failedSince>0</failedSince>
        </case>
        <case>
          <duration>0.074</duration>
          <className>test.tc_post.post_register_web</className>
          <testName>run_post_register</testName>
          <skipped>false</skipped>
          <failedSince>0</failedSince>
        </case>
        <case>
          <duration>60.055</duration>
          <className>test.tc_post.post_usercommentreview_web</className>
          <testName>runpostlogin_web</testName>
          <skipped>false</skipped>
          <errorStackTrace>java.lang.AssertionError: expected [200] but found [504]
	at test.tc_post.post_usercommentreview_web.runpostlogin_web(post_usercommentreview_web.java:39)
</errorStackTrace>
          <errorDetails>expected [200] but found [504]</errorDetails>
          <stdout>Request method:	POST
Request URI:	https://api.femaledaily.com/app/v1/login
Proxy:			&lt;none&gt;
Request params:	&lt;none&gt;
Query params:	&lt;none&gt;
Form params:	&lt;none&gt;
Path params:	&lt;none&gt;
Headers:		version=1.5
				device=3
				key=client03-TSbs94s3q5H9PP2yNPBr
				Authorization=eyJhbGciOiJIUzI1NiIsInR5cCI6IkpXVCJ9.eyJ2ZXJzaW9uIjoiMS41IiwiZGV2aWNlIjoiMyIsImtleSI6ImNsaWVudDAzLVRTYnM5NHMzcTVIOVBQMnlOUEJyIiwicG9zdCI6eyJ1c2VyX2lkIjo0OTA1NSwidXNlcm5hbWUiOiJwdXR3aWQiLCJmdWxsbmFtZSI6IlV0d2lkIiwiZW1haWwiOiJmYXpsdXIuZi5yYWhtYW5AZ21haWwuY29tIn0sImlhdCI6MTU2NjEyMzY3NjIzNH0.utRHq8TCmeRftn5H8_qVTNZ1vmnduTPyOtQ2XGC0cvs
				Accept=*/*
				Content-Type=application/json; charset=UTF-8
Cookies:		&lt;none&gt;
Multiparts:		&lt;none&gt;
Body:
{
    &quot;username&quot;: &quot;putwid&quot;,
    &quot;password&quot;: &quot;tester123&quot;
}
</stdout>
          <failedSince>367</failedSince>
        </case>
        <case>
          <duration>0.064</duration>
          <className>test.tc_post.post_followsuggested_web</className>
          <testName>postfollowsuggested_web</testName>
          <skipped>false</skipped>
          <failedSince>0</failedSince>
        </case>
        <case>
          <duration>0.081</duration>
          <className>test.tc_post.post_likepost_apps</className>
          <testName>postlikepost_apps</testName>
          <skipped>false</skipped>
          <failedSince>0</failedSince>
        </case>
        <case>
          <duration>0.135</duration>
          <className>test.tc_post.post_register_apps</className>
          <testName>getuserprofile_apps</testName>
          <skipped>false</skipped>
          <failedSince>0</failedSince>
        </case>
        <case>
          <duration>0.127</duration>
          <className>test.tc_post.post_register_web</className>
          <testName>getuserprofile_web</testName>
          <skipped>false</skipped>
          <failedSince>0</failedSince>
        </case>
        <case>
          <duration>0.062</duration>
          <className>test.tc_post.post_usercommentreview_web</className>
          <testName>postusercommentreview_web</testName>
          <skipped>false</skipped>
          <failedSince>0</failedSince>
        </case>
        <case>
          <duration>0.954</duration>
          <className>test.tc_put.put_profileinfo_web</className>
          <testName>putprofileinfo_web</testName>
          <skipped>false</skipped>
          <failedSince>0</failedSince>
        </case>
        <case>
          <duration>1.015</duration>
          <className>test.tc_put.put_profileinfo_apps</className>
          <testName>putprofileinfo_apps</testName>
          <skipped>false</skipped>
          <failedSince>0</failedSince>
        </case>
        <case>
          <duration>4.06</duration>
          <className>test.tc_put.put_profilecomplete_apps</className>
          <testName>runpostlogin_apps</testName>
          <skipped>false</skipped>
          <failedSince>0</failedSince>
        </case>
        <case>
          <duration>0.069</duration>
          <className>test.tc_put.put_profilecomplete_web</className>
          <testName>runpostlogin_web</testName>
          <skipped>false</skipped>
          <failedSince>0</failedSince>
        </case>
        <case>
          <duration>0.066</duration>
          <className>test.tc_put.put_userpost_apps</className>
          <testName>runpostlogin_apps</testName>
          <skipped>false</skipped>
          <failedSince>0</failedSince>
        </case>
        <case>
          <duration>0.072</duration>
          <className>test.tc_put.put_userreview_apps</className>
          <testName>runpostlogin_apps</testName>
          <skipped>false</skipped>
          <failedSince>0</failedSince>
        </case>
        <case>
          <duration>0.066</duration>
          <className>test.tc_put.put_userreview_web</className>
          <testName>runpostlogin_apps</testName>
          <skipped>false</skipped>
          <failedSince>0</failedSince>
        </case>
        <case>
          <duration>0.193</duration>
          <className>test.tc_put.put_profilecomplete_apps</className>
          <testName>putprofilecomplete_apps</testName>
          <skipped>false</skipped>
          <failedSince>0</failedSince>
        </case>
        <case>
          <duration>0.184</duration>
          <className>test.tc_put.put_profilecomplete_web</className>
          <testName>putprofilecomplete_web</testName>
          <skipped>false</skipped>
          <failedSince>0</failedSince>
        </case>
        <case>
          <duration>0.063</duration>
          <className>test.tc_put.put_userpost_apps</className>
          <testName>putuserpost_apps</testName>
          <skipped>false</skipped>
          <failedSince>0</failedSince>
        </case>
        <case>
          <duration>0.085</duration>
          <className>test.tc_put.put_userreview_apps</className>
          <testName>putuserreview_apps</testName>
          <skipped>false</skipped>
          <failedSince>0</failedSince>
        </case>
        <case>
          <duration>0.081</duration>
          <className>test.tc_put.put_userreview_web</className>
          <testName>putuserreview_apps</testName>
          <skipped>false</skipped>
          <failedSince>0</failedSince>
        </case>
        <case>
          <duration>0.091</duration>
          <className>test.tc_talk_get.get_popularGroup</className>
          <testName>getpopularGroup</testName>
          <skipped>false</skipped>
          <failedSince>0</failedSince>
        </case>
        <case>
          <duration>0.159</duration>
          <className>test.tc_talk_get.get_recenttalk</className>
          <testName>getrecentalk_web</testName>
          <skipped>false</skipped>
          <failedSince>0</failedSince>
        </case>
      </cases>
    </suite>
  </suites>
  <duration>381.711</duration>
  <keepLongStdio>false</keepLongStdio>
</result>